<?xml version="1.0" encoding="UTF-8"?>
<!-- Generated by org.testng.reporters.JUnitReportReporter -->
<testsuite hostname="ImransDell" failures="0" tests="5" name="com.pickdropfleet.admin.test.Admintest" time="153.898" errors="0" timestamp="2023-07-14T10:13:19 IST" skipped="0">
  <testcase classname="com.pickdropfleet.admin.test.Admintest" name="adminLogin" time="16.697"/>
  <system-out/>
  <testcase classname="com.pickdropfleet.admin.test.Admintest" name="createKitchenByAdmin" time="47.263"/>
  <system-out/>
  <testcase classname="com.pickdropfleet.admin.test.Admintest" name="createUserByAdmin" time="67.680"/>
  <system-out/>
  <testcase classname="com.pickdropfleet.admin.test.Admintest" name="adminLogout" time="2.154"/>
  <system-out/>
  <testcase classname="com.pickdropfleet.admin.test.Admintest" name="testImport" time="20.104"/>
  <system-out/>
</testsuite> <!-- com.pickdropfleet.admin.test.Admintest -->
