<?xml version="1.0" encoding="UTF-8"?>
<!-- Generated by org.testng.reporters.JUnitReportReporter -->
<testsuite hostname="ImransDell" failures="0" tests="1" name="com.login.test.logintest" time="1.655" errors="0" timestamp="2023-05-09T19:09:33 IST" skipped="0">
  <testcase classname="com.login.test.logintest" name="testLogin" time="1.655"/>
  <system-out/>
</testsuite> <!-- com.login.test.logintest -->
