<?xml version="1.0" encoding="UTF-8"?>
<!-- Generated by org.testng.reporters.JUnitReportReporter -->
<testsuite hostname="ImransDell" failures="0" tests="9" name="com.pickdropfleet.admin.test.Admintest" time="46.427" errors="0" timestamp="2023-06-14T13:49:41 IST" skipped="0">
  <testcase classname="com.pickdropfleet.admin.test.Admintest" name="adminLogin" time="2.723"/>
  <system-out/>
  <testcase classname="com.pickdropfleet.admin.test.Admintest" name="createKitchenByAdmin" time="10.331"/>
  <system-out/>
  <testcase classname="com.pickdropfleet.admin.test.Admintest" name="createUserByAdmin" time="12.950"/>
  <system-out/>
  <testcase classname="com.pickdropfleet.admin.test.Admintest" name="testViewUser" time="3.442"/>
  <system-out/>
  <testcase classname="com.pickdropfleet.admin.test.Admintest" name="testSchoolView" time="4.501"/>
  <system-out/>
  <testcase classname="com.pickdropfleet.admin.test.Admintest" name="testVehicleView" time="2.885"/>
  <system-out/>
  <testcase classname="com.pickdropfleet.admin.test.Admintest" name="testMenuView" time="4.160"/>
  <system-out/>
  <testcase classname="com.pickdropfleet.admin.test.Admintest" name="testRouteView" time="3.015"/>
  <system-out/>
  <testcase classname="com.pickdropfleet.admin.test.Admintest" name="adminLogout" time="2.420"/>
  <system-out/>
</testsuite> <!-- com.pickdropfleet.admin.test.Admintest -->
