<?xml version="1.0" encoding="UTF-8"?>
<!-- Generated by org.testng.reporters.JUnitReportReporter -->
<testsuite hostname="ImransDell" failures="0" tests="4" name="com.superadmin.pickdropfleet.Admintest" time="34.798" errors="0" timestamp="2023-05-12T14:45:45 IST" skipped="0">
  <testcase classname="com.superadmin.pickdropfleet.Admintest" name="adminLogin" time="3.333"/>
  <system-out/>
  <testcase classname="com.superadmin.pickdropfleet.Admintest" name="createKitchenByAdmin" time="18.384"/>
  <system-out/>
  <testcase classname="com.superadmin.pickdropfleet.Admintest" name="createUserByAdmin" time="11.644"/>
  <system-out/>
  <testcase classname="com.superadmin.pickdropfleet.Admintest" name="adminLogout" time="1.437"/>
  <system-out/>
</testsuite> <!-- com.superadmin.pickdropfleet.Admintest -->
