<?xml version="1.0" encoding="UTF-8"?>
<!-- Generated by org.testng.reporters.JUnitReportReporter -->
<testsuite hostname="ImransDell" failures="0" tests="14" name="com.pickdropfleet.admin.test.Kitchenadmintest" time="180.418" errors="0" timestamp="2023-07-14T11:19:00 IST" skipped="0">
  <testcase classname="com.pickdropfleet.admin.test.Kitchenadmintest" name="kitchenAdminLogin" time="17.188"/>
  <system-out/>
  <testcase classname="com.pickdropfleet.admin.test.Kitchenadmintest" name="addSchoolTest" time="15.621"/>
  <system-out/>
  <testcase classname="com.pickdropfleet.admin.test.Kitchenadmintest" name="addRiderAtUser" time="14.145"/>
  <system-out/>
  <testcase classname="com.pickdropfleet.admin.test.Kitchenadmintest" name="addSchoolAdminAtUser" time="21.768"/>
  <system-out/>
  <testcase classname="com.pickdropfleet.admin.test.Kitchenadmintest" name="addDistributionManagerAtUser" time="16.079"/>
  <system-out/>
  <testcase classname="com.pickdropfleet.admin.test.Kitchenadmintest" name="addRouteAdminAtUser" time="15.588"/>
  <system-out/>
  <testcase classname="com.pickdropfleet.admin.test.Kitchenadmintest" name="addSchoolRelationshipManagerAtUser" time="15.046"/>
  <system-out/>
  <testcase classname="com.pickdropfleet.admin.test.Kitchenadmintest" name="addFuelSupervisorAtUser" time="15.546"/>
  <system-out/>
  <testcase classname="com.pickdropfleet.admin.test.Kitchenadmintest" name="addVehicleTest" time="13.056"/>
  <system-out/>
  <testcase classname="com.pickdropfleet.admin.test.Kitchenadmintest" name="testFoodMenu" time="9.891"/>
  <system-out/>
  <testcase classname="com.pickdropfleet.admin.test.Kitchenadmintest" name="testAddRoute" time="7.393"/>
  <system-out/>
  <testcase classname="com.pickdropfleet.admin.test.Kitchenadmintest" name="testDailyRequest" time="13.103"/>
  <system-out/>
  <testcase classname="com.pickdropfleet.admin.test.Kitchenadmintest" name="testAddVehicleExpense" time="4.450"/>
  <system-out/>
  <testcase classname="com.pickdropfleet.admin.test.Kitchenadmintest" name="kitchenAdminLogout" time="1.544"/>
  <system-out/>
</testsuite> <!-- com.pickdropfleet.admin.test.Kitchenadmintest -->
