<?xml version="1.0" encoding="UTF-8"?>
<!-- Generated by org.testng.reporters.JUnitReportReporter -->
<testsuite hostname="ImransDell" failures="0" tests="2" name="com.pickdropfleet.admin.test.Kitchenadmintest" time="13.723" errors="0" timestamp="2023-06-14T17:18:34 IST" skipped="0">
  <testcase classname="com.pickdropfleet.admin.test.Kitchenadmintest" name="kitchenAdminLogin" time="2.806"/>
  <system-out/>
  <testcase classname="com.pickdropfleet.admin.test.Kitchenadmintest" name="testFoodMenu" time="10.917"/>
  <system-out/>
</testsuite> <!-- com.pickdropfleet.admin.test.Kitchenadmintest -->
